!SESSION 2021-05-10 11:11:20.165 -----------------------------------------------
eclipse.buildId=4.16.0.I20200604-0540
java.version=11.0.8
java.vendor=Oracle Corporation
BootLoader constants: OS=win32, ARCH=x86_64, WS=win32, NL=en_IN
Framework arguments:  -product org.eclipse.epp.package.java.product
Command-line arguments:  -os win32 -ws win32 -arch x86_64 -product org.eclipse.epp.package.java.product

!ENTRY org.eclipse.osgi 4 0 2021-05-10 11:21:02.625
!MESSAGE Startup error
!STACK 1
java.lang.OutOfMemoryError: Java heap space
	at java.base/java.util.concurrent.locks.AbstractQueuedSynchronizer.addWaiter(AbstractQueuedSynchronizer.java:651)
	at java.base/java.util.concurrent.locks.AbstractQueuedSynchronizer.doAcquireSharedNanos(AbstractQueuedSynchronizer.java:1060)
	at java.base/java.util.concurrent.locks.AbstractQueuedSynchronizer.tryAcquireSharedNanos(AbstractQueuedSynchronizer.java:1369)
	at java.base/java.util.concurrent.Semaphore.tryAcquire(Semaphore.java:415)
	at org.eclipse.core.runtime.adaptor.EclipseStarter.updateSplash(EclipseStarter.java:1190)
	at org.eclipse.core.runtime.adaptor.EclipseStarter.setStartLevel(EclipseStarter.java:1145)
	at org.eclipse.core.runtime.adaptor.EclipseStarter.startup(EclipseStarter.java:345)
	at org.eclipse.core.runtime.adaptor.EclipseStarter.run(EclipseStarter.java:251)
	at java.base/jdk.internal.reflect.NativeMethodAccessorImpl.invoke0(Native Method)
	at java.base/jdk.internal.reflect.NativeMethodAccessorImpl.invoke(NativeMethodAccessorImpl.java:62)
	at java.base/jdk.internal.reflect.DelegatingMethodAccessorImpl.invoke(DelegatingMethodAccessorImpl.java:43)
	at java.base/java.lang.reflect.Method.invoke(Method.java:566)
	at org.eclipse.equinox.launcher.Main.invokeFramework(Main.java:657)
	at org.eclipse.equinox.launcher.Main.basicRun(Main.java:594)
	at org.eclipse.equinox.launcher.Main.run(Main.java:1447)
	at org.eclipse.equinox.launcher.Main.main(Main.java:1420)
